<?xml version="1.0" encoding="utf-8"?><testsuites name="pytest tests"><testsuite name="pytest" errors="0" failures="0" skipped="0" tests="6" time="2.708" timestamp="2026-09-09T17:38:45.526683+00:00" hostname="agent-env-19ca905e-000d-4e55-9881-7b3c3a23920d"><testcase classname="tests.test_ai_limits" name="test_backend_purity_no_emergent_ai_refs" time="0.001" /><testcase classname="tests.test_ai_limits" name="test_visitor_cap_six_chat_calls" time="1.268" /><testcase classname="tests.test_ai_limits" name="test_colour_studio_friendly_block" time="0.186" /><testcase classname="tests.test_ai_limits" name="test_auth_login_regression[customer@test.co.uk-password123]" time="0.380" /><testcase classname="tests.test_ai_limits" name="test_auth_login_regression[admin@tmndecorating.co.uk-TMN-Admin-2026!]" time="0.398" /><testcase classname="tests.test_ai_limits" name="test_homepage_renders" time="0.160" /></testsuite></testsuites>